{
  "RSpec": {
    "coverage": {
      "/Users/charlottepayne/Documents/Projects/booklist/spec/features/booklist_api_spec.rb": [
        1,
        1,
        1,
        1,
        1,
        null,
        null,
        1,
        1,
        1,
        1,
        null,
        null,
        1,
        1,
        1,
        1,
        null,
        null,
        1,
        1,
        1,
        1,
        null,
        null
      ],
      "/Users/charlottepayne/Documents/Projects/booklist/spec/features/infrastructure_spec.rb": [
        1,
        1,
        1,
        1,
        null,
        null
      ]
    },
    "timestamp": 1531689030
  }
}
